  [1m[35m (0.3ms)[0m  [1m[35mSET NAMES utf8,  @@SESSION.sql_mode = CONCAT(CONCAT(@@sql_mode, ',STRICT_ALL_TABLES'), ',NO_AUTO_VALUE_ON_ZERO'),  @@SESSION.sql_auto_is_null = 0, @@SESSION.wait_timeout = 2147483[0m
  [1m[36mUser Load (0.3ms)[0m  [1m[34mSELECT  `users`.* FROM `users` LIMIT 11[0m
  [1m[36mUser Load (1.1ms)[0m  [1m[34mSELECT  `users`.* FROM `users` WHERE `users`.`activated` = TRUE LIMIT 11[0m
  [1m[36mUser Load (1.0ms)[0m  [1m[34mSELECT  `users`.* FROM `users` WHERE `users`.`activated` = TRUE LIMIT 11[0m
  [1m[36mUser Load (1.1ms)[0m  [1m[34mSELECT  `users`.* FROM `users` WHERE `users`.`activated` = TRUE LIMIT 11[0m
Started GET "/admin" for ::1 at 2019-05-24 11:11:29 +0700
  [1m[35m (0.4ms)[0m  [1m[35mSET NAMES utf8,  @@SESSION.sql_mode = CONCAT(CONCAT(@@sql_mode, ',STRICT_ALL_TABLES'), ',NO_AUTO_VALUE_ON_ZERO'),  @@SESSION.sql_auto_is_null = 0, @@SESSION.wait_timeout = 2147483[0m
  ↳ /home/tu/.rbenv/versions/2.6.1/lib/ruby/gems/2.6.0/gems/activerecord-5.2.3/lib/active_record/log_subscriber.rb:98
  [1m[35m (3.8ms)[0m  [1m[34mSELECT `schema_migrations`.`version` FROM `schema_migrations` ORDER BY `schema_migrations`.`version` ASC[0m
  ↳ /home/tu/.rbenv/versions/2.6.1/lib/ruby/gems/2.6.0/gems/activerecord-5.2.3/lib/active_record/log_subscriber.rb:98
Processing by Admin::StaticPagesController#home as HTML
Redirected to http://localhost:3000/login
Filter chain halted as :logged_in_user rendered or redirected
Completed 302 Found in 8ms (ActiveRecord: 0.0ms)


Started GET "/login" for ::1 at 2019-05-24 11:11:30 +0700
Processing by SessionsController#new as HTML
  Rendering sessions/new.html.erb within layouts/application
  Rendered sessions/new.html.erb within layouts/application (6.9ms)
  Rendered layouts/_meta.html.erb (0.4ms)
  Rendered layouts/_style.html.erb (224.9ms)
Completed 500 Internal Server Error in 238ms (ActiveRecord: 0.0ms)


  
ActionView::Template::Error (Error: Undefined variable: "$white-gray".
        on line 28 of app/assets/stylesheets/application.scss
>>   background: $white-gray;

   --------------^
):
    1: <%= stylesheet_link_tag "https://fonts.googleapis.com/css?family=Poppins:100,200,400,300,500,600,700",:media => "all" %>
    2: <%= stylesheet_link_tag    "application", media: "all", "data-turbolinks-track": "reload" %>
  
app/assets/stylesheets/application.scss:28
app/views/layouts/_style.html.erb:2:in `_app_views_layouts__style_html_erb__2525309969035902947_70167187070820'
app/views/layouts/application.html.erb:6:in `_app_views_layouts_application_html_erb__3659299767016662645_70167186910360'
Started GET "/login" for ::1 at 2019-05-24 11:13:10 +0700
Processing by SessionsController#new as HTML
  Rendering sessions/new.html.erb within layouts/application
  Rendered sessions/new.html.erb within layouts/application (2.3ms)
  Rendered layouts/_meta.html.erb (0.3ms)
  Rendered layouts/_style.html.erb (8.4ms)
Completed 500 Internal Server Error in 36ms (ActiveRecord: 0.0ms)


  
ActionView::Template::Error (Error: Undefined variable: "$white-gray".
        on line 29 of app/assets/stylesheets/application.scss
>>   background: $white-gray;

   --------------^
):
    1: <%= stylesheet_link_tag "https://fonts.googleapis.com/css?family=Poppins:100,200,400,300,500,600,700",:media => "all" %>
    2: <%= stylesheet_link_tag    "application", media: "all", "data-turbolinks-track": "reload" %>
  
app/assets/stylesheets/application.scss:29
app/views/layouts/_style.html.erb:2:in `_app_views_layouts__style_html_erb__2525309969035902947_47115552572600'
app/views/layouts/application.html.erb:6:in `_app_views_layouts_application_html_erb__3659299767016662645_47115544507440'
Started GET "/login" for ::1 at 2019-05-24 11:14:18 +0700
  [1m[35m (0.3ms)[0m  [1m[35mSET NAMES utf8,  @@SESSION.sql_mode = CONCAT(CONCAT(@@sql_mode, ',STRICT_ALL_TABLES'), ',NO_AUTO_VALUE_ON_ZERO'),  @@SESSION.sql_auto_is_null = 0, @@SESSION.wait_timeout = 2147483[0m
  ↳ /home/tu/.rbenv/versions/2.6.1/lib/ruby/gems/2.6.0/gems/activerecord-5.2.3/lib/active_record/log_subscriber.rb:98
  [1m[35m (0.4ms)[0m  [1m[34mSELECT `schema_migrations`.`version` FROM `schema_migrations` ORDER BY `schema_migrations`.`version` ASC[0m
  ↳ /home/tu/.rbenv/versions/2.6.1/lib/ruby/gems/2.6.0/gems/activerecord-5.2.3/lib/active_record/log_subscriber.rb:98
Processing by SessionsController#new as HTML
  Rendering sessions/new.html.erb within layouts/application
  Rendered sessions/new.html.erb within layouts/application (3.4ms)
  Rendered layouts/_meta.html.erb (0.3ms)
  Rendered layouts/_style.html.erb (214.6ms)
Completed 500 Internal Server Error in 228ms (ActiveRecord: 0.0ms)


  
ActionView::Template::Error (Error: Invalid CSS after "  }": expected "}", was ""
        on line 40 of app/assets/stylesheets/application.scss
>>   }

   ---^
):
    1: <%= stylesheet_link_tag "https://fonts.googleapis.com/css?family=Poppins:100,200,400,300,500,600,700",:media => "all" %>
    2: <%= stylesheet_link_tag    "application", media: "all", "data-turbolinks-track": "reload" %>
  
app/assets/stylesheets/application.scss:40
app/views/layouts/_style.html.erb:2:in `_app_views_layouts__style_html_erb__2282129889225703892_70228523912480'
app/views/layouts/application.html.erb:6:in `_app_views_layouts_application_html_erb___2563192446992525485_70228523514480'
  [1m[35m (0.3ms)[0m  [1m[35mSET NAMES utf8,  @@SESSION.sql_mode = CONCAT(CONCAT(@@sql_mode, ',STRICT_ALL_TABLES'), ',NO_AUTO_VALUE_ON_ZERO'),  @@SESSION.sql_auto_is_null = 0, @@SESSION.wait_timeout = 2147483[0m
  [1m[36mUser Load (0.3ms)[0m  [1m[34mSELECT  `users`.* FROM `users` ORDER BY `users`.`id` ASC LIMIT 1[0m
  [1m[35m (0.6ms)[0m  [1m[35mBEGIN[0m
  [1m[36mUser Exists (0.9ms)[0m  [1m[34mSELECT  1 AS one FROM `users` WHERE `users`.`email` = 'anhtu26081996ss+1@gmail.com' AND `users`.`id` != 5 LIMIT 1[0m
  [1m[35m (0.1ms)[0m  [1m[31mROLLBACK[0m
